<?xml version="1.0" encoding="UTF-8"?>
<!-- Generated by org.testng.reporters.JUnitReportReporter -->
<testsuite hostname="LAPTOP-9VDOL1U8" failures="0" tests="3" name="testRunner.TestRunner" time="76.522" errors="0" timestamp="2025-05-05T09:16:18 IST" skipped="0">
  <testcase classname="testRunner.TestRunner" name="runScenario" time="22.240"/>
  <testcase classname="testRunner.TestRunner" name="runScenario" time="23.727"/>
  <testcase classname="testRunner.TestRunner" name="runScenario" time="30.555"/>
</testsuite> <!-- testRunner.TestRunner -->
