<?xml version="1.0" encoding="UTF-8"?>
<!-- Generated by org.testng.reporters.JUnitReportReporter -->
<testsuite hostname="LAPTOP-9VDOL1U8" failures="0" tests="3" name="testRunner.TestRunner" time="84.285" errors="0" timestamp="2025-05-05T10:19:49 IST" skipped="0">
  <testcase classname="testRunner.TestRunner" name="runScenario" time="34.542"/>
  <testcase classname="testRunner.TestRunner" name="runScenario" time="26.951"/>
  <testcase classname="testRunner.TestRunner" name="runScenario" time="22.792"/>
</testsuite> <!-- testRunner.TestRunner -->
